TN:
SF:script/BeraNft.s.sol
DA:10,0
FN:10,BeraNftScript.run
FNDA:0,BeraNftScript.run
DA:11,0
DA:12,0
DA:13,0
DA:14,0
DA:16,0
DA:17,0
DA:18,0
DA:19,0
DA:24,0
FN:24,BeraNftEidSetupScript.run
FNDA:0,BeraNftEidSetupScript.run
DA:25,0
DA:26,0
DA:27,0
DA:28,0
DA:30,0
DA:31,0
DA:32,0
DA:35,0
FN:35,BeraNftEidSetupScript.addressToBytes32
FNDA:0,BeraNftEidSetupScript.addressToBytes32
DA:36,0
FNF:3
FNH:0
LF:19
LH:0
BRF:0
BRH:0
end_of_record
TN:
SF:script/Distributor.s.sol
DA:11,0
FN:11,DistributorScript.run
FNDA:0,DistributorScript.run
DA:12,0
DA:13,0
DA:15,0
DA:16,0
DA:17,0
DA:18,0
DA:23,0
FN:23,StreamingNFTScript.run
FNDA:0,StreamingNFTScript.run
DA:24,0
DA:25,0
DA:26,0
DA:27,0
DA:29,0
DA:30,0
DA:31,0
DA:32,0
DA:37,0
FN:37,ClaimBatchProcessorScript.run
FNDA:0,ClaimBatchProcessorScript.run
DA:38,0
DA:39,0
DA:41,0
DA:42,0
DA:43,0
DA:45,0
DA:46,0
DA:47,0
FNF:3
FNH:0
LF:25
LH:0
BRF:0
BRH:0
end_of_record
TN:
SF:script/ERC1155Send.s.sol
DA:13,0
FN:13,ERC1155SendScript.run
FNDA:0,ERC1155SendScript.run
DA:14,0
DA:15,0
DA:16,0
DA:17,0
DA:18,0
DA:20,0
DA:21,0
DA:29,0
DA:30,0
DA:31,0
DA:34,0
FN:34,ERC1155SendScript.addressToBytes32
FNDA:0,ERC1155SendScript.addressToBytes32
DA:35,0
DA:40,0
FN:40,ERC721SendScript.run
FNDA:0,ERC721SendScript.run
DA:41,0
DA:42,0
DA:43,0
DA:44,0
DA:45,0
DA:46,0
DA:48,0
DA:49,0
DA:51,0
DA:59,0
DA:60,0
DA:61,0
DA:64,0
FN:64,ERC721SendScript.addressToBytes32
FNDA:0,ERC721SendScript.addressToBytes32
DA:65,0
FNF:4
FNH:0
LF:28
LH:0
BRF:0
BRH:0
end_of_record
TN:
SF:script/MockToken.s.sol
DA:13,0
FN:13,MockERC1155.mint
FNDA:0,MockERC1155.mint
DA:14,0
DA:19,0
FN:19,MockToken.run
FNDA:0,MockToken.run
DA:20,0
DA:21,0
DA:23,0
DA:25,0
DA:26,0
DA:29,0
DA:31,0
DA:32,0
FNF:2
FNH:0
LF:11
LH:0
BRF:0
BRH:0
end_of_record
TN:
SF:script/OnftAdapter.s.sol
DA:9,0
FN:9,OnftAdapterScript.run
FNDA:0,OnftAdapterScript.run
DA:10,0
DA:11,0
DA:12,0
DA:14,0
DA:15,0
DA:16,0
DA:17,0
DA:22,0
FN:22,OnftAdapterEidSetupScript.run
FNDA:0,OnftAdapterEidSetupScript.run
DA:23,0
DA:24,0
DA:25,0
DA:26,0
DA:28,0
DA:29,0
DA:30,0
DA:33,0
FN:33,OnftAdapterEidSetupScript.addressToBytes32
FNDA:0,OnftAdapterEidSetupScript.addressToBytes32
DA:34,0
FNF:3
FNH:0
LF:18
LH:0
BRF:0
BRH:0
end_of_record
TN:
SF:script/WrappedNFT.s.sol
DA:9,0
FN:9,WrappedNFTScript.run
FNDA:0,WrappedNFTScript.run
DA:10,0
DA:11,0
DA:12,0
DA:14,0
DA:15,0
DA:16,0
DA:17,0
DA:22,0
FN:22,WrappedNFTEidSetupScript.run
FNDA:0,WrappedNFTEidSetupScript.run
DA:23,0
DA:24,0
DA:25,0
DA:26,0
DA:28,0
DA:29,0
DA:30,0
DA:33,0
FN:33,WrappedNFTEidSetupScript.addressToBytes32
FNDA:0,WrappedNFTEidSetupScript.addressToBytes32
DA:34,0
FNF:3
FNH:0
LF:18
LH:0
BRF:0
BRH:0
end_of_record
TN:
SF:src/ClaimBatchProcessor.sol
DA:34,0
FN:34,ClaimBatchProcessor.constructor
FNDA:0,ClaimBatchProcessor.constructor
DA:35,0
BRDA:35,0,0,-
BRDA:35,0,1,-
DA:37,0
DA:38,0
DA:40,0
DA:44,0
DA:47,0
FN:47,ClaimBatchProcessor.claim
FNDA:0,ClaimBatchProcessor.claim
DA:55,0
BRDA:55,1,0,-
DA:56,0
DA:59,0
DA:60,0
DA:63,0
DA:68,0
FN:68,ClaimBatchProcessor.claimRewards
FNDA:0,ClaimBatchProcessor.claimRewards
DA:69,0
DA:70,0
DA:72,0
DA:77,0
FN:77,ClaimBatchProcessor.setStreamingNFT
FNDA:0,ClaimBatchProcessor.setStreamingNFT
DA:78,0
DA:79,0
FNF:4
FNH:0
LF:19
LH:0
BRF:3
BRH:0
end_of_record
TN:
SF:src/Distributor1.sol
DA:52,0
FN:52,Distributor1.constructor
FNDA:0,Distributor1.constructor
DA:53,0
DA:58,0
FN:58,Distributor1.setSigner
FNDA:0,Distributor1.setSigner
DA:59,0
DA:64,0
FN:64,Distributor1.setFee
FNDA:0,Distributor1.setFee
DA:65,0
DA:70,0
FN:70,Distributor1.setClaimRoot
FNDA:0,Distributor1.setClaimRoot
DA:71,0
DA:76,0
FN:76,Distributor1.toggleActive
FNDA:0,Distributor1.toggleActive
DA:77,0
BRDA:77,0,0,-
DA:78,0
DA:87,0
FN:87,Distributor1.claim
FNDA:0,Distributor1.claim
DA:90,0
BRDA:90,1,0,-
DA:91,0
DA:93,0
BRDA:93,2,0,-
DA:94,0
BRDA:94,3,0,-
DA:96,0
DA:98,0
DA:99,0
DA:101,0
DA:103,0
BRDA:103,4,0,-
DA:104,0
DA:105,0
BRDA:105,5,0,-
BRDA:105,5,1,-
DA:106,0
DA:107,0
DA:110,0
DA:112,0
DA:119,0
FN:119,Distributor1._rootCheck
FNDA:0,Distributor1._rootCheck
DA:120,0
DA:121,0
BRDA:121,6,0,-
DA:122,0
DA:130,0
FN:130,Distributor1._signatureCheck
FNDA:0,Distributor1._signatureCheck
DA:131,0
BRDA:131,7,0,-
DA:133,0
DA:134,0
DA:135,0
DA:137,0
BRDA:137,8,0,-
DA:140,0
FN:140,Distributor1.withdraw
FNDA:0,Distributor1.withdraw
DA:141,0
FNF:9
FNH:0
LF:39
LH:0
BRF:10
BRH:0
end_of_record
TN:
SF:src/StreamingNFT.sol
DA:35,9
FN:35,StreamingNFT.constructor
FNDA:9,StreamingNFT.constructor
DA:43,9
DA:44,9
DA:45,9
DA:46,9
DA:47,9
DA:48,9
DA:57,9
FN:57,StreamingNFT.setVestingStartBlock
FNDA:9,StreamingNFT.setVestingStartBlock
DA:58,9
BRDA:58,0,0,-
BRDA:58,0,1,9
DA:59,9
BRDA:59,1,0,-
BRDA:59,1,1,9
DA:60,9
DA:61,9
DA:62,9
DA:67,9
FN:67,StreamingNFT.setFee
FNDA:9,StreamingNFT.setFee
DA:68,9
DA:71,1
FN:71,StreamingNFT.pause
FNDA:1,StreamingNFT.pause
DA:72,1
DA:75,1
FN:75,StreamingNFT.unpause
FNDA:1,StreamingNFT.unpause
DA:76,1
DA:79,9
FN:79,StreamingNFT.createStream
FNDA:9,StreamingNFT.createStream
DA:80,8
BRDA:80,2,0,1
BRDA:80,2,1,7
DA:82,7
DA:84,7
DA:85,7
DA:87,7
DA:88,7
BRDA:88,3,0,6
DA:89,6
DA:90,6
BRDA:90,4,0,-
BRDA:90,4,1,6
DA:91,6
DA:92,6
DA:95,7
DA:96,7
DA:99,3
FN:99,StreamingNFT.createBatchStream
FNDA:3,StreamingNFT.createBatchStream
DA:105,3
DA:106,3
DA:107,3
DA:108,3
DA:109,3
DA:110,3
DA:112,2
BRDA:112,5,0,2
DA:113,2
DA:114,2
BRDA:114,6,0,-
BRDA:114,6,1,2
DA:117,3
DA:118,4
BRDA:118,7,0,-
BRDA:118,7,1,4
DA:120,4
DA:122,4
DA:123,4
BRDA:123,8,0,-
BRDA:123,8,1,4
DA:124,4
DA:126,3
BRDA:126,9,0,3
BRDA:126,9,1,1
DA:127,3
DA:128,3
DA:130,1
DA:133,4
DA:136,4
DA:140,3
DA:141,3
BRDA:141,10,0,2
DA:142,2
DA:150,1
FN:150,StreamingNFT.claimRewards
FNDA:1,StreamingNFT.claimRewards
DA:151,1
BRDA:151,11,0,-
BRDA:151,11,1,1
DA:152,1
DA:153,1
DA:160,1
FN:160,StreamingNFT.claimBatchRewards
FNDA:1,StreamingNFT.claimBatchRewards
DA:161,1
BRDA:161,12,0,-
BRDA:161,12,1,1
DA:162,1
DA:163,1
DA:164,2
DA:166,2
DA:171,3
FN:171,StreamingNFT._claimVestedRewards
FNDA:3,StreamingNFT._claimVestedRewards
DA:172,3
DA:174,3
BRDA:174,13,0,3
DA:176,3
DA:177,3
DA:178,3
DA:179,3
DA:181,3
DA:190,1
FN:190,StreamingNFT.getClaimableRewards
FNDA:1,StreamingNFT.getClaimableRewards
DA:191,1
DA:194,4
FN:194,StreamingNFT._getClaimableRewards
FNDA:4,StreamingNFT._getClaimableRewards
DA:195,4
DA:196,4
DA:198,4
BRDA:198,14,0,-
BRDA:198,14,1,4
DA:200,4
BRDA:200,15,0,-
DA:201,0
DA:204,4
DA:205,4
DA:206,4
DA:208,4
DA:209,4
DA:210,4
DA:213,0
FN:213,StreamingNFT.withdraw
FNDA:0,StreamingNFT.withdraw
DA:214,0
FNF:13
FNH:12
LF:91
LH:88
BRF:27
BRH:17
end_of_record
TN:
SF:src/Transferable.sol
DA:14,9
FN:14,Transferable.constructor
FNDA:9,Transferable.constructor
DA:15,9
DA:26,21
FN:26,Transferable.transfer
FNDA:21,Transferable.transfer
DA:27,21
BRDA:27,0,0,21
BRDA:27,0,1,-
DA:28,21
DA:29,21
BRDA:29,1,0,-
BRDA:29,1,1,21
DA:31,0
BRDA:31,2,0,-
BRDA:31,2,1,-
DA:38,0
FN:38,Transferable.balance
FNDA:0,Transferable.balance
DA:39,0
BRDA:39,3,0,-
BRDA:39,3,1,-
DA:40,0
DA:42,0
FNF:3
FNH:2
LF:11
LH:6
BRF:8
BRH:2
end_of_record
TN:
SF:src/WrappedNFT.sol
DA:15,0
FN:15,WrappedNFT.constructor
FNDA:0,WrappedNFT.constructor
DA:16,0
DA:24,0
FN:24,WrappedNFT.onERC1155Received
FNDA:0,WrappedNFT.onERC1155Received
DA:30,0
BRDA:30,0,0,-
BRDA:30,0,1,-
DA:31,0
DA:32,0
DA:35,0
FN:35,WrappedNFT.onERC1155BatchReceived
FNDA:0,WrappedNFT.onERC1155BatchReceived
DA:42,0
BRDA:42,1,0,-
BRDA:42,1,1,-
DA:43,0
DA:44,0
DA:46,0
DA:49,0
FN:49,WrappedNFT._wrap
FNDA:0,WrappedNFT._wrap
DA:50,0
BRDA:50,2,0,-
BRDA:50,2,1,-
DA:51,0
BRDA:51,3,0,-
BRDA:51,3,1,-
DA:53,0
DA:54,0
BRDA:54,4,0,-
BRDA:54,4,1,-
DA:56,0
DA:57,0
DA:59,0
DA:60,0
DA:63,0
FN:63,WrappedNFT.pause
FNDA:0,WrappedNFT.pause
DA:64,0
DA:67,0
FN:67,WrappedNFT.unpause
FNDA:0,WrappedNFT.unpause
DA:68,0
DA:75,0
FN:75,WrappedNFT.unwrap
FNDA:0,WrappedNFT.unwrap
DA:76,0
BRDA:76,5,0,-
BRDA:76,5,1,-
DA:77,0
DA:79,0
DA:80,0
DA:83,0
DA:84,0
FNF:7
FNH:0
LF:31
LH:0
BRF:12
BRH:0
end_of_record
TN:
SF:src/mock/MockERC1155.sol
DA:9,0
FN:9,MockERC1155.mint
FNDA:0,MockERC1155.mint
DA:10,0
FNF:1
FNH:0
LF:2
LH:0
BRF:0
BRH:0
end_of_record
TN:
SF:src/mock/TestERC20.sol
DA:7,0
FN:7,TestERC20.constructor
FNDA:0,TestERC20.constructor
DA:10,0
FNF:1
FNH:0
LF:2
LH:0
BRF:0
BRH:0
end_of_record
TN:
SF:src/mock/TestERC721.sol
DA:15,18
FN:15,TestERC721.mint
FNDA:18,TestERC721.mint
DA:16,18
DA:17,18
DA:18,18
FNF:1
FNH:1
LF:4
LH:4
BRF:0
BRH:0
end_of_record
